#
# A fatal error has been detected by the Java Runtime Environment:
#
#  EXCEPTION_ACCESS_VIOLATION (0xc0000005) at pc=0x00007ffb67ff669c, pid=15900, tid=1580
#
# JRE version: Java(TM) SE Runtime Environment 18.9 (11.0.10+8) (build 11.0.10+8-LTS-162)
# Java VM: Java HotSpot(TM) 64-Bit Server VM 18.9 (11.0.10+8-LTS-162, mixed mode, tiered, compressed oops, g1 gc, windows-amd64)
# Problematic frame:
# V  [jvm.dll+0x20669c]
#
# No core dump will be written. Minidumps are not enabled by default on client versions of Windows
#
# If you would like to submit a bug report, please visit:
#   https://bugreport.java.com/bugreport/crash.jsp
#

---------------  S U M M A R Y ------------

Command Line: -Xmx512m -Dfile.encoding=windows-1250 -Duser.country=PL -Duser.language=pl -Duser.variant worker.org.gradle.process.internal.worker.GradleWorkerMain 'Gradle SpotBugs Worker 4'

Host: Intel(R) Core(TM) i7-3630QM CPU @ 2.40GHz, 8 cores, 15G,  Windows 10 , 64 bit Build 19041 (10.0.19041.1023)
Time: Sun Jun 13 19:12:07 2021 Œrodkowoeuropejski czas letni elapsed time: 3.990262 seconds (0d 0h 0m 3s)

---------------  T H R E A D  ---------------

Current thread (0x00000215ef455800):  JavaThread "C2 CompilerThread2" daemon [_thread_in_native, id=1580, stack(0x0000004c4d400000,0x0000004c4d500000)]


Current CompileTask:
C2:   3990 3223   !   4       edu.umd.cs.findbugs.OpcodeStack::sawOpcode (4690 bytes)

Stack: [0x0000004c4d400000,0x0000004c4d500000],  sp=0x0000004c4d4fb7a0,  free space=1005k
Native frames: (J=compiled Java code, j=interpreted, Vv=VM code, C=native code)
V  [jvm.dll+0x20669c]
V  [jvm.dll+0x63df14]
V  [jvm.dll+0x1fe9cf]
V  [jvm.dll+0x1fc42f]
V  [jvm.dll+0x17f09c]
V  [jvm.dll+0x20bbd4]
V  [jvm.dll+0x209cab]
V  [jvm.dll+0x713619]
V  [jvm.dll+0x70c314]
V  [jvm.dll+0x613036]
C  [ucrtbase.dll+0x21bb2]
C  [KERNEL32.DLL+0x17034]
C  [ntdll.dll+0x52651]


siginfo: EXCEPTION_ACCESS_VIOLATION (0xc0000005), reading address 0x00000214f1f46a90


Register to memory mapping:

RIP=0x00007ffb67ff669c jvm.dll
RAX=0x00000000000000ff is an unknown value
RBX=0x00000215f20ee330 points into unknown readable memory: 50 c6 62 68 fb 7f 00 00
RCX=0x00000214f1f46a68 is an unknown value
RDX=0x0000000004000000 is an unknown value
RSP=0x0000004c4d4fb7a0 is pointing into the stack for thread: 0x00000215ef455800
RBP=0x0000004c4d4fba10 is pointing into the stack for thread: 0x00000215ef455800
RSI=0x00000215f1f48830 points into unknown readable memory: 68 6a f4 f1 14 02 00 00
RDI=0x00000215f1f48038 points into unknown readable memory: 88 72 23 ef 15 02 00 00
R8 =0x00000215eeef0fa0 points into unknown readable memory: eb 9f 07 c0 f9 19 df 47
R9 =0x00000000000001f2 is an unknown value
R10=0x000000000000015a is an unknown value
R11=0x000000000000001a is an unknown value
R12=0x0000004c4d4fb920 is pointing into the stack for thread: 0x00000215ef455800
R13=0x0 is NULL
R14=0x000000000000287c is an unknown value
R15=0x0000004c4d4fe5e0 is pointing into the stack for thread: 0x00000215ef455800


Registers:
RAX=0x00000000000000ff, RBX=0x00000215f20ee330, RCX=0x00000214f1f46a68, RDX=0x0000000004000000
RSP=0x0000004c4d4fb7a0, RBP=0x0000004c4d4fba10, RSI=0x00000215f1f48830, RDI=0x00000215f1f48038
R8 =0x00000215eeef0fa0, R9 =0x00000000000001f2, R10=0x000000000000015a, R11=0x000000000000001a
R12=0x0000004c4d4fb920, R13=0x0000000000000000, R14=0x000000000000287c, R15=0x0000004c4d4fe5e0
RIP=0x00007ffb67ff669c, EFLAGS=0x0000000000010287

Top of Stack: (sp=0x0000004c4d4fb7a0)
0x0000004c4d4fb7a0:   00000215f09e29f0 00000215f09e2ab8
0x0000004c4d4fb7b0:   0000004c4d4fba00 0000004c4d4fb920
0x0000004c4d4fb7c0:   0000004c4d4fba00 0000004c4d4fdb70
0x0000004c4d4fb7d0:   00000215f11f3460 00007ffb6842df14
0x0000004c4d4fb7e0:   00000215ef1b8490 00000215eebe3e10
0x0000004c4d4fb7f0:   00000215ef1b8490 0000004c4d4fd9f0
0x0000004c4d4fb800:   00000215ef1b8490 0000000000004000
0x0000004c4d4fb810:   00000215f0a10460 00007ffb0000339d
0x0000004c4d4fb820:   0000004c4d4fdb70 00007ffb68525d01
0x0000004c4d4fb830:   0000004c4d4fda10 0000000000000000
0x0000004c4d4fb840:   0000004c00000000 00007ffb6842fe29
0x0000004c4d4fb850:   00000215eebe3e70 0000000000090220
0x0000004c4d4fb860:   00000215ef1b8490 00000215eebebdf8
0x0000004c4d4fb870:   00000215ef1b8490 00000215eebe3e10
0x0000004c4d4fb880:   0000004c4d4fb990 00007ffb67fee9cf
0x0000004c4d4fb890:   0000004c4d4fe5e0 0000004c4d4fdb70 

Instructions: (pc=0x00007ffb67ff669c)
0x00007ffb67ff667c:   46 00 44 8b 53 20 33 c0 45 85 d2 7e 5d 0f 1f 80
0x00007ffb67ff668c:   00 00 00 00 48 8b 7b 10 48 8b 0c c7 48 8d 34 c7
0x00007ffb67ff669c:   44 8b 59 28 41 8b d3 c1 ea 05 3b 55 30 73 1e 4c
0x00007ffb67ff66ac:   8b 45 38 41 83 e3 1f 44 8b ca 41 0f b6 cb ba 01 


Stack slot to memory mapping:
stack at sp + 0 slots: 0x00000215f09e29f0 points into unknown readable memory: 78 c7 67 68 fb 7f 00 00
stack at sp + 1 slots: 0x00000215f09e2ab8 points into unknown readable memory: 70 2a 9e f0 15 02 00 00
stack at sp + 2 slots: 0x0000004c4d4fba00 is pointing into the stack for thread: 0x00000215ef455800
stack at sp + 3 slots: 0x0000004c4d4fb920 is pointing into the stack for thread: 0x00000215ef455800
stack at sp + 4 slots: 0x0000004c4d4fba00 is pointing into the stack for thread: 0x00000215ef455800
stack at sp + 5 slots: 0x0000004c4d4fdb70 is pointing into the stack for thread: 0x00000215ef455800
stack at sp + 6 slots: 0x00000215f11f3460 points into unknown readable memory: 40 fd 58 68 fb 7f 00 00
stack at sp + 7 slots: 0x00007ffb6842df14 jvm.dll


---------------  P R O C E S S  ---------------

Threads class SMR info:
_java_thread_list=0x00000215ef318fa0, length=15, elements={
0x00000215d1e5e000, 0x00000215ed387000, 0x00000215ed389000, 0x00000215edc0f000,
0x00000215edc11000, 0x00000215edc12800, 0x00000215edc18800, 0x00000215edc1d800,
0x00000215edd86000, 0x00000215edd92000, 0x00000215ef1ba800, 0x00000215edec4800,
0x00000215eeb9b800, 0x00000215ef328000, 0x00000215ef455800
}

Java Threads: ( => current thread )
  0x00000215d1e5e000 JavaThread "main" [_thread_blocked, id=1348, stack(0x0000004c4b900000,0x0000004c4ba00000)]
  0x00000215ed387000 JavaThread "Reference Handler" daemon [_thread_blocked, id=896, stack(0x0000004c4c000000,0x0000004c4c100000)]
  0x00000215ed389000 JavaThread "Finalizer" daemon [_thread_blocked, id=6792, stack(0x0000004c4c100000,0x0000004c4c200000)]
  0x00000215edc0f000 JavaThread "Signal Dispatcher" daemon [_thread_blocked, id=2748, stack(0x0000004c4c200000,0x0000004c4c300000)]
  0x00000215edc11000 JavaThread "Attach Listener" daemon [_thread_blocked, id=7220, stack(0x0000004c4c300000,0x0000004c4c400000)]
  0x00000215edc12800 JavaThread "C2 CompilerThread0" daemon [_thread_in_native, id=15480, stack(0x0000004c4c400000,0x0000004c4c500000)]
  0x00000215edc18800 JavaThread "C1 CompilerThread0" daemon [_thread_in_native, id=15692, stack(0x0000004c4c500000,0x0000004c4c600000)]
  0x00000215edc1d800 JavaThread "Sweeper thread" daemon [_thread_blocked, id=17228, stack(0x0000004c4c600000,0x0000004c4c700000)]
  0x00000215edd86000 JavaThread "Service Thread" daemon [_thread_blocked, id=5068, stack(0x0000004c4c700000,0x0000004c4c800000)]
  0x00000215edd92000 JavaThread "Common-Cleaner" daemon [_thread_blocked, id=8592, stack(0x0000004c4c900000,0x0000004c4ca00000)]
  0x00000215ef1ba800 JavaThread "/127.0.0.1:49813 to /127.0.0.1:49812 workers" [_thread_in_Java, id=7548, stack(0x0000004c4d200000,0x0000004c4d300000)]
  0x00000215edec4800 JavaThread "/127.0.0.1:49813 to /127.0.0.1:49812 workers Thread 2" [_thread_blocked, id=8632, stack(0x0000004c4ca00000,0x0000004c4cb00000)]
  0x00000215eeb9b800 JavaThread "/127.0.0.1:49813 to /127.0.0.1:49812 workers Thread 3" [_thread_in_native, id=2768, stack(0x0000004c4cb00000,0x0000004c4cc00000)]
  0x00000215ef328000 JavaThread "C2 CompilerThread1" daemon [_thread_in_native, id=12764, stack(0x0000004c4d300000,0x0000004c4d400000)]
=>0x00000215ef455800 JavaThread "C2 CompilerThread2" daemon [_thread_in_native, id=1580, stack(0x0000004c4d400000,0x0000004c4d500000)]

Other Threads:
  0x00000215ed384800 VMThread "VM Thread" [stack: 0x0000004c4bf00000,0x0000004c4c000000] [id=6004]
  0x00000215edd8e800 WatcherThread [stack: 0x0000004c4c800000,0x0000004c4c900000] [id=9352]
  0x00000215d1e6f000 GCTaskThread "GC Thread#0" [stack: 0x0000004c4ba00000,0x0000004c4bb00000] [id=16152]
  0x00000215ee226000 GCTaskThread "GC Thread#1" [stack: 0x0000004c4cc00000,0x0000004c4cd00000] [id=3260]
  0x00000215eea37000 GCTaskThread "GC Thread#2" [stack: 0x0000004c4cd00000,0x0000004c4ce00000] [id=16504]
  0x00000215eea37800 GCTaskThread "GC Thread#3" [stack: 0x0000004c4ce00000,0x0000004c4cf00000] [id=16300]
  0x00000215ee5b9800 GCTaskThread "GC Thread#4" [stack: 0x0000004c4cf00000,0x0000004c4d000000] [id=13368]
  0x00000215eecef000 GCTaskThread "GC Thread#5" [stack: 0x0000004c4d000000,0x0000004c4d100000] [id=916]
  0x00000215f0ea7800 GCTaskThread "GC Thread#6" [stack: 0x0000004c4d500000,0x0000004c4d600000] [id=10940]
  0x00000215f0b57000 GCTaskThread "GC Thread#7" [stack: 0x0000004c4d600000,0x0000004c4d700000] [id=8900]
  0x00000215d1e80000 ConcurrentGCThread "G1 Main Marker" [stack: 0x0000004c4bb00000,0x0000004c4bc00000] [id=16336]
  0x00000215d1e81800 ConcurrentGCThread "G1 Conc#0" [stack: 0x0000004c4bc00000,0x0000004c4bd00000] [id=1352]
  0x00000215f2234000 ConcurrentGCThread "G1 Conc#1" [stack: 0x0000004c4d700000,0x0000004c4d800000] [id=16044]
  0x00000215ed1ef800 ConcurrentGCThread "G1 Refine#0" [stack: 0x0000004c4bd00000,0x0000004c4be00000] [id=9480]
  0x00000215ed1f0800 ConcurrentGCThread "G1 Young RemSet Sampling" [stack: 0x0000004c4be00000,0x0000004c4bf00000] [id=15916]

Threads with active compile tasks:
C2 CompilerThread0   4191 2837 %     4       org.objectweb.asm.ClassReader::readCode @ 2185 (5109 bytes)
C2 CompilerThread1   4191 3347       4       org.objectweb.asm.ClassReader::readMethod (1061 bytes)
C2 CompilerThread2   4192 3223   !   4       edu.umd.cs.findbugs.OpcodeStack::sawOpcode (4690 bytes)

VM state:not at safepoint (normal execution)

VM Mutex/Monitor currently owned by a thread: None

Heap address: 0x00000000e0000000, size: 512 MB, Compressed Oops mode: 32-bit
Narrow klass base: 0x0000000000000000, Narrow klass shift: 3
Compressed class space size: 1073741824 Address: 0x0000000100000000

Heap:
 garbage-first heap   total 260096K, used 49874K [0x00000000e0000000, 0x0000000100000000)
  region size 1024K, 34 young (34816K), 13 survivors (13312K)
 Metaspace       used 24438K, capacity 24924K, committed 25264K, reserved 1071104K
  class space    used 2823K, capacity 2977K, committed 3072K, reserved 1048576K
Heap Regions: E=young(eden), S=young(survivor), O=old, HS=humongous(starts), HC=humongous(continues), CS=collection set, F=free, A=archive, TAMS=top-at-mark-start (previous, next)
|   0|0x00000000e0000000, 0x00000000e0100000, 0x00000000e0100000|100%|HS|  |TAMS 0x00000000e0100000, 0x00000000e0000000| Complete 
|   1|0x00000000e0100000, 0x00000000e0200000, 0x00000000e0200000|100%|HC|  |TAMS 0x00000000e0200000, 0x00000000e0100000| Complete 
|   2|0x00000000e0200000, 0x00000000e0300000, 0x00000000e0300000|100%|HC|  |TAMS 0x00000000e0300000, 0x00000000e0200000| Complete 
|   3|0x00000000e0300000, 0x00000000e0400000, 0x00000000e0400000|100%| O|  |TAMS 0x00000000e0400000, 0x00000000e0300000| Untracked 
|   4|0x00000000e0400000, 0x00000000e0500000, 0x00000000e0500000|100%| O|  |TAMS 0x00000000e0500000, 0x00000000e0400000| Untracked 
|   5|0x00000000e0500000, 0x00000000e0600000, 0x00000000e0600000|100%| O|  |TAMS 0x00000000e0600000, 0x00000000e0500000| Untracked 
|   6|0x00000000e0600000, 0x00000000e0700000, 0x00000000e0700000|100%| O|  |TAMS 0x00000000e0700000, 0x00000000e0600000| Untracked 
|   7|0x00000000e0700000, 0x00000000e0800000, 0x00000000e0800000|100%| O|  |TAMS 0x00000000e0800000, 0x00000000e0700000| Untracked 
|   8|0x00000000e0800000, 0x00000000e0900000, 0x00000000e0900000|100%| O|  |TAMS 0x00000000e08e5000, 0x00000000e0800000| Untracked 
|   9|0x00000000e0900000, 0x00000000e0a00000, 0x00000000e0a00000|100%|HS|  |TAMS 0x00000000e0a00000, 0x00000000e0900000| Complete 
|  10|0x00000000e0a00000, 0x00000000e0b00000, 0x00000000e0b00000|100%|HS|  |TAMS 0x00000000e0b00000, 0x00000000e0a00000| Complete 
|  11|0x00000000e0b00000, 0x00000000e0c00000, 0x00000000e0c00000|100%| O|  |TAMS 0x00000000e0b00000, 0x00000000e0b00000| Untracked 
|  12|0x00000000e0c00000, 0x00000000e0d00000, 0x00000000e0d00000|100%| O|  |TAMS 0x00000000e0c00000, 0x00000000e0c00000| Untracked 
|  13|0x00000000e0d00000, 0x00000000e0e00000, 0x00000000e0e00000|100%| O|  |TAMS 0x00000000e0d00000, 0x00000000e0d00000| Untracked 
|  14|0x00000000e0e00000, 0x00000000e0f00000, 0x00000000e0f00000|100%| O|  |TAMS 0x00000000e0e00000, 0x00000000e0e00000| Untracked 
|  15|0x00000000e0f00000, 0x00000000e0fb4800, 0x00000000e1000000| 70%| O|  |TAMS 0x00000000e0f00000, 0x00000000e0f00000| Untracked 
|  16|0x00000000e1000000, 0x00000000e1000000, 0x00000000e1100000|  0%| F|  |TAMS 0x00000000e1000000, 0x00000000e1000000| Untracked 
|  17|0x00000000e1100000, 0x00000000e1100000, 0x00000000e1200000|  0%| F|  |TAMS 0x00000000e1100000, 0x00000000e1100000| Untracked 
|  18|0x00000000e1200000, 0x00000000e1200000, 0x00000000e1300000|  0%| F|  |TAMS 0x00000000e1200000, 0x00000000e1200000| Untracked 
|  19|0x00000000e1300000, 0x00000000e1300000, 0x00000000e1400000|  0%| F|  |TAMS 0x00000000e1300000, 0x00000000e1300000| Untracked 
|  20|0x00000000e1400000, 0x00000000e1400000, 0x00000000e1500000|  0%| F|  |TAMS 0x00000000e1400000, 0x00000000e1400000| Untracked 
|  21|0x00000000e1500000, 0x00000000e1500000, 0x00000000e1600000|  0%| F|  |TAMS 0x00000000e1500000, 0x00000000e1500000| Untracked 
|  22|0x00000000e1600000, 0x00000000e1600000, 0x00000000e1700000|  0%| F|  |TAMS 0x00000000e1600000, 0x00000000e1600000| Untracked 
|  23|0x00000000e1700000, 0x00000000e1700000, 0x00000000e1800000|  0%| F|  |TAMS 0x00000000e1700000, 0x00000000e1700000| Untracked 
|  24|0x00000000e1800000, 0x00000000e1800000, 0x00000000e1900000|  0%| F|  |TAMS 0x00000000e1800000, 0x00000000e1800000| Untracked 
|  25|0x00000000e1900000, 0x00000000e1900000, 0x00000000e1a00000|  0%| F|  |TAMS 0x00000000e1900000, 0x00000000e1900000| Untracked 
|  26|0x00000000e1a00000, 0x00000000e1a00000, 0x00000000e1b00000|  0%| F|  |TAMS 0x00000000e1a00000, 0x00000000e1a00000| Untracked 
|  27|0x00000000e1b00000, 0x00000000e1b00000, 0x00000000e1c00000|  0%| F|  |TAMS 0x00000000e1b00000, 0x00000000e1b00000| Untracked 
|  28|0x00000000e1c00000, 0x00000000e1c00000, 0x00000000e1d00000|  0%| F|  |TAMS 0x00000000e1c00000, 0x00000000e1c00000| Untracked 
|  29|0x00000000e1d00000, 0x00000000e1d00000, 0x00000000e1e00000|  0%| F|  |TAMS 0x00000000e1d00000, 0x00000000e1d00000| Untracked 
|  30|0x00000000e1e00000, 0x00000000e1e00000, 0x00000000e1f00000|  0%| F|  |TAMS 0x00000000e1e00000, 0x00000000e1e00000| Untracked 
|  31|0x00000000e1f00000, 0x00000000e1f00000, 0x00000000e2000000|  0%| F|  |TAMS 0x00000000e1f00000, 0x00000000e1f00000| Untracked 
|  32|0x00000000e2000000, 0x00000000e2000000, 0x00000000e2100000|  0%| F|  |TAMS 0x00000000e2000000, 0x00000000e2000000| Untracked 
|  33|0x00000000e2100000, 0x00000000e2100000, 0x00000000e2200000|  0%| F|  |TAMS 0x00000000e2100000, 0x00000000e2100000| Untracked 
|  34|0x00000000e2200000, 0x00000000e2200000, 0x00000000e2300000|  0%| F|  |TAMS 0x00000000e2200000, 0x00000000e2200000| Untracked 
|  35|0x00000000e2300000, 0x00000000e2300000, 0x00000000e2400000|  0%| F|  |TAMS 0x00000000e2300000, 0x00000000e2300000| Untracked 
|  36|0x00000000e2400000, 0x00000000e2400000, 0x00000000e2500000|  0%| F|  |TAMS 0x00000000e2400000, 0x00000000e2400000| Untracked 
|  37|0x00000000e2500000, 0x00000000e2500000, 0x00000000e2600000|  0%| F|  |TAMS 0x00000000e2500000, 0x00000000e2500000| Untracked 
|  38|0x00000000e2600000, 0x00000000e2600000, 0x00000000e2700000|  0%| F|  |TAMS 0x00000000e2600000, 0x00000000e2600000| Untracked 
|  39|0x00000000e2700000, 0x00000000e2700000, 0x00000000e2800000|  0%| F|  |TAMS 0x00000000e2700000, 0x00000000e2700000| Untracked 
|  40|0x00000000e2800000, 0x00000000e2800000, 0x00000000e2900000|  0%| F|  |TAMS 0x00000000e2800000, 0x00000000e2800000| Untracked 
|  41|0x00000000e2900000, 0x00000000e2900000, 0x00000000e2a00000|  0%| F|  |TAMS 0x00000000e2900000, 0x00000000e2900000| Untracked 
|  42|0x00000000e2a00000, 0x00000000e2a00000, 0x00000000e2b00000|  0%| F|  |TAMS 0x00000000e2a00000, 0x00000000e2a00000| Untracked 
|  43|0x00000000e2b00000, 0x00000000e2b00000, 0x00000000e2c00000|  0%| F|  |TAMS 0x00000000e2b00000, 0x00000000e2b00000| Untracked 
|  44|0x00000000e2c00000, 0x00000000e2c00000, 0x00000000e2d00000|  0%| F|  |TAMS 0x00000000e2c00000, 0x00000000e2c00000| Untracked 
|  45|0x00000000e2d00000, 0x00000000e2d00000, 0x00000000e2e00000|  0%| F|  |TAMS 0x00000000e2d00000, 0x00000000e2d00000| Untracked 
|  46|0x00000000e2e00000, 0x00000000e2e00000, 0x00000000e2f00000|  0%| F|  |TAMS 0x00000000e2e00000, 0x00000000e2e00000| Untracked 
|  47|0x00000000e2f00000, 0x00000000e2f00000, 0x00000000e3000000|  0%| F|  |TAMS 0x00000000e2f00000, 0x00000000e2f00000| Untracked 
|  48|0x00000000e3000000, 0x00000000e3000000, 0x00000000e3100000|  0%| F|  |TAMS 0x00000000e3000000, 0x00000000e3000000| Untracked 
|  49|0x00000000e3100000, 0x00000000e3100000, 0x00000000e3200000|  0%| F|  |TAMS 0x00000000e3100000, 0x00000000e3100000| Untracked 
|  50|0x00000000e3200000, 0x00000000e3200000, 0x00000000e3300000|  0%| F|  |TAMS 0x00000000e3200000, 0x00000000e3200000| Untracked 
|  51|0x00000000e3300000, 0x00000000e3300000, 0x00000000e3400000|  0%| F|  |TAMS 0x00000000e3300000, 0x00000000e3300000| Untracked 
|  52|0x00000000e3400000, 0x00000000e3400000, 0x00000000e3500000|  0%| F|  |TAMS 0x00000000e3400000, 0x00000000e3400000| Untracked 
|  53|0x00000000e3500000, 0x00000000e3500000, 0x00000000e3600000|  0%| F|  |TAMS 0x00000000e3500000, 0x00000000e3500000| Untracked 
|  54|0x00000000e3600000, 0x00000000e3600000, 0x00000000e3700000|  0%| F|  |TAMS 0x00000000e3600000, 0x00000000e3600000| Untracked 
|  55|0x00000000e3700000, 0x00000000e3700000, 0x00000000e3800000|  0%| F|  |TAMS 0x00000000e3700000, 0x00000000e3700000| Untracked 
|  56|0x00000000e3800000, 0x00000000e3800000, 0x00000000e3900000|  0%| F|  |TAMS 0x00000000e3800000, 0x00000000e3800000| Untracked 
|  57|0x00000000e3900000, 0x00000000e3900000, 0x00000000e3a00000|  0%| F|  |TAMS 0x00000000e3900000, 0x00000000e3900000| Untracked 
|  58|0x00000000e3a00000, 0x00000000e3a00000, 0x00000000e3b00000|  0%| F|  |TAMS 0x00000000e3a00000, 0x00000000e3a00000| Untracked 
|  59|0x00000000e3b00000, 0x00000000e3b00000, 0x00000000e3c00000|  0%| F|  |TAMS 0x00000000e3b00000, 0x00000000e3b00000| Untracked 
|  60|0x00000000e3c00000, 0x00000000e3c00000, 0x00000000e3d00000|  0%| F|  |TAMS 0x00000000e3c00000, 0x00000000e3c00000| Untracked 
|  61|0x00000000e3d00000, 0x00000000e3d00000, 0x00000000e3e00000|  0%| F|  |TAMS 0x00000000e3d00000, 0x00000000e3d00000| Untracked 
|  62|0x00000000e3e00000, 0x00000000e3e00000, 0x00000000e3f00000|  0%| F|  |TAMS 0x00000000e3e00000, 0x00000000e3e00000| Untracked 
|  63|0x00000000e3f00000, 0x00000000e3f00000, 0x00000000e4000000|  0%| F|  |TAMS 0x00000000e3f00000, 0x00000000e3f00000| Untracked 
|  64|0x00000000e4000000, 0x00000000e4000000, 0x00000000e4100000|  0%| F|  |TAMS 0x00000000e4000000, 0x00000000e4000000| Untracked 
|  65|0x00000000e4100000, 0x00000000e4100000, 0x00000000e4200000|  0%| F|  |TAMS 0x00000000e4100000, 0x00000000e4100000| Untracked 
|  66|0x00000000e4200000, 0x00000000e4200000, 0x00000000e4300000|  0%| F|  |TAMS 0x00000000e4200000, 0x00000000e4200000| Untracked 
|  67|0x00000000e4300000, 0x00000000e4300000, 0x00000000e4400000|  0%| F|  |TAMS 0x00000000e4300000, 0x00000000e4300000| Untracked 
|  68|0x00000000e4400000, 0x00000000e4400000, 0x00000000e4500000|  0%| F|  |TAMS 0x00000000e4400000, 0x00000000e4400000| Untracked 
|  69|0x00000000e4500000, 0x00000000e4500000, 0x00000000e4600000|  0%| F|  |TAMS 0x00000000e4500000, 0x00000000e4500000| Untracked 
|  70|0x00000000e4600000, 0x00000000e4600000, 0x00000000e4700000|  0%| F|  |TAMS 0x00000000e4600000, 0x00000000e4600000| Untracked 
|  71|0x00000000e4700000, 0x00000000e4700000, 0x00000000e4800000|  0%| F|  |TAMS 0x00000000e4700000, 0x00000000e4700000| Untracked 
|  72|0x00000000e4800000, 0x00000000e4800000, 0x00000000e4900000|  0%| F|  |TAMS 0x00000000e4800000, 0x00000000e4800000| Untracked 
|  73|0x00000000e4900000, 0x00000000e4900000, 0x00000000e4a00000|  0%| F|  |TAMS 0x00000000e4900000, 0x00000000e4900000| Untracked 
|  74|0x00000000e4a00000, 0x00000000e4a00000, 0x00000000e4b00000|  0%| F|  |TAMS 0x00000000e4a00000, 0x00000000e4a00000| Untracked 
|  75|0x00000000e4b00000, 0x00000000e4b00000, 0x00000000e4c00000|  0%| F|  |TAMS 0x00000000e4b00000, 0x00000000e4b00000| Untracked 
|  76|0x00000000e4c00000, 0x00000000e4c00000, 0x00000000e4d00000|  0%| F|  |TAMS 0x00000000e4c00000, 0x00000000e4c00000| Untracked 
|  77|0x00000000e4d00000, 0x00000000e4d00000, 0x00000000e4e00000|  0%| F|  |TAMS 0x00000000e4d00000, 0x00000000e4d00000| Untracked 
|  78|0x00000000e4e00000, 0x00000000e4e00000, 0x00000000e4f00000|  0%| F|  |TAMS 0x00000000e4e00000, 0x00000000e4e00000| Untracked 
|  79|0x00000000e4f00000, 0x00000000e4f00000, 0x00000000e5000000|  0%| F|  |TAMS 0x00000000e4f00000, 0x00000000e4f00000| Untracked 
|  80|0x00000000e5000000, 0x00000000e5000000, 0x00000000e5100000|  0%| F|  |TAMS 0x00000000e5000000, 0x00000000e5000000| Untracked 
|  81|0x00000000e5100000, 0x00000000e5100000, 0x00000000e5200000|  0%| F|  |TAMS 0x00000000e5100000, 0x00000000e5100000| Untracked 
|  82|0x00000000e5200000, 0x00000000e5200000, 0x00000000e5300000|  0%| F|  |TAMS 0x00000000e5200000, 0x00000000e5200000| Untracked 
|  83|0x00000000e5300000, 0x00000000e5300000, 0x00000000e5400000|  0%| F|  |TAMS 0x00000000e5300000, 0x00000000e5300000| Untracked 
|  84|0x00000000e5400000, 0x00000000e5400000, 0x00000000e5500000|  0%| F|  |TAMS 0x00000000e5400000, 0x00000000e5400000| Untracked 
|  85|0x00000000e5500000, 0x00000000e5500000, 0x00000000e5600000|  0%| F|  |TAMS 0x00000000e5500000, 0x00000000e5500000| Untracked 
|  86|0x00000000e5600000, 0x00000000e5600000, 0x00000000e5700000|  0%| F|  |TAMS 0x00000000e5600000, 0x00000000e5600000| Untracked 
|  87|0x00000000e5700000, 0x00000000e5700000, 0x00000000e5800000|  0%| F|  |TAMS 0x00000000e5700000, 0x00000000e5700000| Untracked 
|  88|0x00000000e5800000, 0x00000000e5800000, 0x00000000e5900000|  0%| F|  |TAMS 0x00000000e5800000, 0x00000000e5800000| Untracked 
|  89|0x00000000e5900000, 0x00000000e5900000, 0x00000000e5a00000|  0%| F|  |TAMS 0x00000000e5900000, 0x00000000e5900000| Untracked 
|  90|0x00000000e5a00000, 0x00000000e5a00000, 0x00000000e5b00000|  0%| F|  |TAMS 0x00000000e5a00000, 0x00000000e5a00000| Untracked 
|  91|0x00000000e5b00000, 0x00000000e5b00000, 0x00000000e5c00000|  0%| F|  |TAMS 0x00000000e5b00000, 0x00000000e5b00000| Untracked 
|  92|0x00000000e5c00000, 0x00000000e5c00000, 0x00000000e5d00000|  0%| F|  |TAMS 0x00000000e5c00000, 0x00000000e5c00000| Untracked 
|  93|0x00000000e5d00000, 0x00000000e5d00000, 0x00000000e5e00000|  0%| F|  |TAMS 0x00000000e5d00000, 0x00000000e5d00000| Untracked 
|  94|0x00000000e5e00000, 0x00000000e5e00000, 0x00000000e5f00000|  0%| F|  |TAMS 0x00000000e5e00000, 0x00000000e5e00000| Untracked 
|  95|0x00000000e5f00000, 0x00000000e5f00000, 0x00000000e6000000|  0%| F|  |TAMS 0x00000000e5f00000, 0x00000000e5f00000| Untracked 
|  96|0x00000000e6000000, 0x00000000e6000000, 0x00000000e6100000|  0%| F|  |TAMS 0x00000000e6000000, 0x00000000e6000000| Untracked 
|  97|0x00000000e6100000, 0x00000000e6100000, 0x00000000e6200000|  0%| F|  |TAMS 0x00000000e6100000, 0x00000000e6100000| Untracked 
|  98|0x00000000e6200000, 0x00000000e6200000, 0x00000000e6300000|  0%| F|  |TAMS 0x00000000e6200000, 0x00000000e6200000| Untracked 
|  99|0x00000000e6300000, 0x00000000e6300000, 0x00000000e6400000|  0%| F|  |TAMS 0x00000000e6300000, 0x00000000e6300000| Untracked 
| 100|0x00000000e6400000, 0x00000000e6400000, 0x00000000e6500000|  0%| F|  |TAMS 0x00000000e6400000, 0x00000000e6400000| Untracked 
| 101|0x00000000e6500000, 0x00000000e6500000, 0x00000000e6600000|  0%| F|  |TAMS 0x00000000e6500000, 0x00000000e6500000| Untracked 
| 102|0x00000000e6600000, 0x00000000e6600000, 0x00000000e6700000|  0%| F|  |TAMS 0x00000000e6600000, 0x00000000e6600000| Untracked 
| 103|0x00000000e6700000, 0x00000000e6700000, 0x00000000e6800000|  0%| F|  |TAMS 0x00000000e6700000, 0x00000000e6700000| Untracked 
| 104|0x00000000e6800000, 0x00000000e6800000, 0x00000000e6900000|  0%| F|  |TAMS 0x00000000e6800000, 0x00000000e6800000| Untracked 
| 105|0x00000000e6900000, 0x00000000e6900000, 0x00000000e6a00000|  0%| F|  |TAMS 0x00000000e6900000, 0x00000000e6900000| Untracked 
| 106|0x00000000e6a00000, 0x00000000e6a00000, 0x00000000e6b00000|  0%| F|  |TAMS 0x00000000e6a00000, 0x00000000e6a00000| Untracked 
| 107|0x00000000e6b00000, 0x00000000e6b00000, 0x00000000e6c00000|  0%| F|  |TAMS 0x00000000e6b00000, 0x00000000e6b00000| Untracked 
| 108|0x00000000e6c00000, 0x00000000e6c00000, 0x00000000e6d00000|  0%| F|  |TAMS 0x00000000e6c00000, 0x00000000e6c00000| Untracked 
| 109|0x00000000e6d00000, 0x00000000e6d00000, 0x00000000e6e00000|  0%| F|  |TAMS 0x00000000e6d00000, 0x00000000e6d00000| Untracked 
| 110|0x00000000e6e00000, 0x00000000e6e00000, 0x00000000e6f00000|  0%| F|  |TAMS 0x00000000e6e00000, 0x00000000e6e00000| Untracked 
| 111|0x00000000e6f00000, 0x00000000e6f00000, 0x00000000e7000000|  0%| F|  |TAMS 0x00000000e6f00000, 0x00000000e6f00000| Untracked 
| 112|0x00000000e7000000, 0x00000000e7000000, 0x00000000e7100000|  0%| F|  |TAMS 0x00000000e7000000, 0x00000000e7000000| Untracked 
| 113|0x00000000e7100000, 0x00000000e7100000, 0x00000000e7200000|  0%| F|  |TAMS 0x00000000e7100000, 0x00000000e7100000| Untracked 
| 114|0x00000000e7200000, 0x00000000e7200000, 0x00000000e7300000|  0%| F|  |TAMS 0x00000000e7200000, 0x00000000e7200000| Untracked 
| 115|0x00000000e7300000, 0x00000000e7300000, 0x00000000e7400000|  0%| F|  |TAMS 0x00000000e7300000, 0x00000000e7300000| Untracked 
| 116|0x00000000e7400000, 0x00000000e7400000, 0x00000000e7500000|  0%| F|  |TAMS 0x00000000e7400000, 0x00000000e7400000| Untracked 
| 117|0x00000000e7500000, 0x00000000e7500000, 0x00000000e7600000|  0%| F|  |TAMS 0x00000000e7500000, 0x00000000e7500000| Untracked 
| 118|0x00000000e7600000, 0x00000000e7600000, 0x00000000e7700000|  0%| F|  |TAMS 0x00000000e7600000, 0x00000000e7600000| Untracked 
| 119|0x00000000e7700000, 0x00000000e7700000, 0x00000000e7800000|  0%| F|  |TAMS 0x00000000e7700000, 0x00000000e7700000| Untracked 
| 120|0x00000000e7800000, 0x00000000e7800000, 0x00000000e7900000|  0%| F|  |TAMS 0x00000000e7800000, 0x00000000e7800000| Untracked 
| 121|0x00000000e7900000, 0x00000000e7900000, 0x00000000e7a00000|  0%| F|  |TAMS 0x00000000e7900000, 0x00000000e7900000| Untracked 
| 122|0x00000000e7a00000, 0x00000000e7a00000, 0x00000000e7b00000|  0%| F|  |TAMS 0x00000000e7a00000, 0x00000000e7a00000| Untracked 
| 123|0x00000000e7b00000, 0x00000000e7b00000, 0x00000000e7c00000|  0%| F|  |TAMS 0x00000000e7b00000, 0x00000000e7b00000| Untracked 
| 124|0x00000000e7c00000, 0x00000000e7c00000, 0x00000000e7d00000|  0%| F|  |TAMS 0x00000000e7c00000, 0x00000000e7c00000| Untracked 
| 125|0x00000000e7d00000, 0x00000000e7d00000, 0x00000000e7e00000|  0%| F|  |TAMS 0x00000000e7d00000, 0x00000000e7d00000| Untracked 
| 126|0x00000000e7e00000, 0x00000000e7e00000, 0x00000000e7f00000|  0%| F|  |TAMS 0x00000000e7e00000, 0x00000000e7e00000| Untracked 
| 127|0x00000000e7f00000, 0x00000000e7f00000, 0x00000000e8000000|  0%| F|  |TAMS 0x00000000e7f00000, 0x00000000e7f00000| Untracked 
| 128|0x00000000e8000000, 0x00000000e8000000, 0x00000000e8100000|  0%| F|  |TAMS 0x00000000e8000000, 0x00000000e8000000| Untracked 
| 129|0x00000000e8100000, 0x00000000e8100000, 0x00000000e8200000|  0%| F|  |TAMS 0x00000000e8100000, 0x00000000e8100000| Untracked 
| 130|0x00000000e8200000, 0x00000000e8200000, 0x00000000e8300000|  0%| F|  |TAMS 0x00000000e8200000, 0x00000000e8200000| Untracked 
| 131|0x00000000e8300000, 0x00000000e8300000, 0x00000000e8400000|  0%| F|  |TAMS 0x00000000e8300000, 0x00000000e8300000| Untracked 
| 132|0x00000000e8400000, 0x00000000e8400000, 0x00000000e8500000|  0%| F|  |TAMS 0x00000000e8400000, 0x00000000e8400000| Untracked 
| 133|0x00000000e8500000, 0x00000000e8500000, 0x00000000e8600000|  0%| F|  |TAMS 0x00000000e8500000, 0x00000000e8500000| Untracked 
| 134|0x00000000e8600000, 0x00000000e8600000, 0x00000000e8700000|  0%| F|  |TAMS 0x00000000e8600000, 0x00000000e8600000| Untracked 
| 135|0x00000000e8700000, 0x00000000e8700000, 0x00000000e8800000|  0%| F|  |TAMS 0x00000000e8700000, 0x00000000e8700000| Untracked 
| 136|0x00000000e8800000, 0x00000000e8800000, 0x00000000e8900000|  0%| F|  |TAMS 0x00000000e8800000, 0x00000000e8800000| Untracked 
| 137|0x00000000e8900000, 0x00000000e8900000, 0x00000000e8a00000|  0%| F|  |TAMS 0x00000000e8900000, 0x00000000e8900000| Untracked 
| 138|0x00000000e8a00000, 0x00000000e8a00000, 0x00000000e8b00000|  0%| F|  |TAMS 0x00000000e8a00000, 0x00000000e8a00000| Untracked 
| 139|0x00000000e8b00000, 0x00000000e8b00000, 0x00000000e8c00000|  0%| F|  |TAMS 0x00000000e8b00000, 0x00000000e8b00000| Untracked 
| 140|0x00000000e8c00000, 0x00000000e8c00000, 0x00000000e8d00000|  0%| F|  |TAMS 0x00000000e8c00000, 0x00000000e8c00000| Untracked 
| 141|0x00000000e8d00000, 0x00000000e8e00000, 0x00000000e8e00000|100%| S|CS|TAMS 0x00000000e8d00000, 0x00000000e8d00000| Complete 
| 142|0x00000000e8e00000, 0x00000000e8f00000, 0x00000000e8f00000|100%| S|CS|TAMS 0x00000000e8e00000, 0x00000000e8e00000| Complete 
| 143|0x00000000e8f00000, 0x00000000e9000000, 0x00000000e9000000|100%| S|CS|TAMS 0x00000000e8f00000, 0x00000000e8f00000| Complete 
| 144|0x00000000e9000000, 0x00000000e9100000, 0x00000000e9100000|100%| S|CS|TAMS 0x00000000e9000000, 0x00000000e9000000| Complete 
| 145|0x00000000e9100000, 0x00000000e9200000, 0x00000000e9200000|100%| S|CS|TAMS 0x00000000e9100000, 0x00000000e9100000| Complete 
| 146|0x00000000e9200000, 0x00000000e9300000, 0x00000000e9300000|100%| S|CS|TAMS 0x00000000e9200000, 0x00000000e9200000| Complete 
| 147|0x00000000e9300000, 0x00000000e9400000, 0x00000000e9400000|100%| S|CS|TAMS 0x00000000e9300000, 0x00000000e9300000| Complete 
| 148|0x00000000e9400000, 0x00000000e9500000, 0x00000000e9500000|100%| S|CS|TAMS 0x00000000e9400000, 0x00000000e9400000| Complete 
| 149|0x00000000e9500000, 0x00000000e9600000, 0x00000000e9600000|100%| S|CS|TAMS 0x00000000e9500000, 0x00000000e9500000| Complete 
| 150|0x00000000e9600000, 0x00000000e9700000, 0x00000000e9700000|100%| S|CS|TAMS 0x00000000e9600000, 0x00000000e9600000| Complete 
| 151|0x00000000e9700000, 0x00000000e9800000, 0x00000000e9800000|100%| S|CS|TAMS 0x00000000e9700000, 0x00000000e9700000| Complete 
| 152|0x00000000e9800000, 0x00000000e9900000, 0x00000000e9900000|100%| S|CS|TAMS 0x00000000e9800000, 0x00000000e9800000| Complete 
| 153|0x00000000e9900000, 0x00000000e9a00000, 0x00000000e9a00000|100%| S|CS|TAMS 0x00000000e9900000, 0x00000000e9900000| Complete 
| 154|0x00000000e9a00000, 0x00000000e9a00000, 0x00000000e9b00000|  0%| F|  |TAMS 0x00000000e9a00000, 0x00000000e9a00000| Untracked 
| 155|0x00000000e9b00000, 0x00000000e9b00000, 0x00000000e9c00000|  0%| F|  |TAMS 0x00000000e9b00000, 0x00000000e9b00000| Untracked 
| 156|0x00000000e9c00000, 0x00000000e9c00000, 0x00000000e9d00000|  0%| F|  |TAMS 0x00000000e9c00000, 0x00000000e9c00000| Untracked 
| 157|0x00000000e9d00000, 0x00000000e9d00000, 0x00000000e9e00000|  0%| F|  |TAMS 0x00000000e9d00000, 0x00000000e9d00000| Untracked 
| 158|0x00000000e9e00000, 0x00000000e9e00000, 0x00000000e9f00000|  0%| F|  |TAMS 0x00000000e9e00000, 0x00000000e9e00000| Untracked 
| 159|0x00000000e9f00000, 0x00000000e9f00000, 0x00000000ea000000|  0%| F|  |TAMS 0x00000000e9f00000, 0x00000000e9f00000| Untracked 
| 160|0x00000000ea000000, 0x00000000ea000000, 0x00000000ea100000|  0%| F|  |TAMS 0x00000000ea000000, 0x00000000ea000000| Untracked 
| 161|0x00000000ea100000, 0x00000000ea100000, 0x00000000ea200000|  0%| F|  |TAMS 0x00000000ea100000, 0x00000000ea100000| Untracked 
| 162|0x00000000ea200000, 0x00000000ea200000, 0x00000000ea300000|  0%| F|  |TAMS 0x00000000ea200000, 0x00000000ea200000| Untracked 
| 163|0x00000000ea300000, 0x00000000ea300000, 0x00000000ea400000|  0%| F|  |TAMS 0x00000000ea300000, 0x00000000ea300000| Untracked 
| 164|0x00000000ea400000, 0x00000000ea400000, 0x00000000ea500000|  0%| F|  |TAMS 0x00000000ea400000, 0x00000000ea400000| Untracked 
| 165|0x00000000ea500000, 0x00000000ea500000, 0x00000000ea600000|  0%| F|  |TAMS 0x00000000ea500000, 0x00000000ea500000| Untracked 
| 166|0x00000000ea600000, 0x00000000ea600000, 0x00000000ea700000|  0%| F|  |TAMS 0x00000000ea600000, 0x00000000ea600000| Untracked 
| 167|0x00000000ea700000, 0x00000000ea700000, 0x00000000ea800000|  0%| F|  |TAMS 0x00000000ea700000, 0x00000000ea700000| Untracked 
| 168|0x00000000ea800000, 0x00000000ea800000, 0x00000000ea900000|  0%| F|  |TAMS 0x00000000ea800000, 0x00000000ea800000| Untracked 
| 169|0x00000000ea900000, 0x00000000ea900000, 0x00000000eaa00000|  0%| F|  |TAMS 0x00000000ea900000, 0x00000000ea900000| Untracked 
| 170|0x00000000eaa00000, 0x00000000eaa00000, 0x00000000eab00000|  0%| F|  |TAMS 0x00000000eaa00000, 0x00000000eaa00000| Untracked 
| 171|0x00000000eab00000, 0x00000000eab00000, 0x00000000eac00000|  0%| F|  |TAMS 0x00000000eab00000, 0x00000000eab00000| Untracked 
| 172|0x00000000eac00000, 0x00000000eac00000, 0x00000000ead00000|  0%| F|  |TAMS 0x00000000eac00000, 0x00000000eac00000| Untracked 
| 173|0x00000000ead00000, 0x00000000ead00000, 0x00000000eae00000|  0%| F|  |TAMS 0x00000000ead00000, 0x00000000ead00000| Untracked 
| 174|0x00000000eae00000, 0x00000000eae00000, 0x00000000eaf00000|  0%| F|  |TAMS 0x00000000eae00000, 0x00000000eae00000| Untracked 
| 175|0x00000000eaf00000, 0x00000000eaf00000, 0x00000000eb000000|  0%| F|  |TAMS 0x00000000eaf00000, 0x00000000eaf00000| Untracked 
| 176|0x00000000eb000000, 0x00000000eb000000, 0x00000000eb100000|  0%| F|  |TAMS 0x00000000eb000000, 0x00000000eb000000| Untracked 
| 177|0x00000000eb100000, 0x00000000eb100000, 0x00000000eb200000|  0%| F|  |TAMS 0x00000000eb100000, 0x00000000eb100000| Untracked 
| 178|0x00000000eb200000, 0x00000000eb200000, 0x00000000eb300000|  0%| F|  |TAMS 0x00000000eb200000, 0x00000000eb200000| Untracked 
| 179|0x00000000eb300000, 0x00000000eb300000, 0x00000000eb400000|  0%| F|  |TAMS 0x00000000eb300000, 0x00000000eb300000| Untracked 
| 180|0x00000000eb400000, 0x00000000eb400000, 0x00000000eb500000|  0%| F|  |TAMS 0x00000000eb400000, 0x00000000eb400000| Untracked 
| 181|0x00000000eb500000, 0x00000000eb500000, 0x00000000eb600000|  0%| F|  |TAMS 0x00000000eb500000, 0x00000000eb500000| Untracked 
| 182|0x00000000eb600000, 0x00000000eb600000, 0x00000000eb700000|  0%| F|  |TAMS 0x00000000eb600000, 0x00000000eb600000| Untracked 
| 183|0x00000000eb700000, 0x00000000eb700000, 0x00000000eb800000|  0%| F|  |TAMS 0x00000000eb700000, 0x00000000eb700000| Untracked 
| 184|0x00000000eb800000, 0x00000000eb800000, 0x00000000eb900000|  0%| F|  |TAMS 0x00000000eb800000, 0x00000000eb800000| Untracked 
| 185|0x00000000eb900000, 0x00000000eb900000, 0x00000000eba00000|  0%| F|  |TAMS 0x00000000eb900000, 0x00000000eb900000| Untracked 
| 186|0x00000000eba00000, 0x00000000eba00000, 0x00000000ebb00000|  0%| F|  |TAMS 0x00000000eba00000, 0x00000000eba00000| Untracked 
| 187|0x00000000ebb00000, 0x00000000ebb00000, 0x00000000ebc00000|  0%| F|  |TAMS 0x00000000ebb00000, 0x00000000ebb00000| Untracked 
| 188|0x00000000ebc00000, 0x00000000ebc00000, 0x00000000ebd00000|  0%| F|  |TAMS 0x00000000ebc00000, 0x00000000ebc00000| Untracked 
| 189|0x00000000ebd00000, 0x00000000ebd00000, 0x00000000ebe00000|  0%| F|  |TAMS 0x00000000ebd00000, 0x00000000ebd00000| Untracked 
| 190|0x00000000ebe00000, 0x00000000ebe00000, 0x00000000ebf00000|  0%| F|  |TAMS 0x00000000ebe00000, 0x00000000ebe00000| Untracked 
| 191|0x00000000ebf00000, 0x00000000ebf00000, 0x00000000ec000000|  0%| F|  |TAMS 0x00000000ebf00000, 0x00000000ebf00000| Untracked 
| 192|0x00000000ec000000, 0x00000000ec000000, 0x00000000ec100000|  0%| F|  |TAMS 0x00000000ec000000, 0x00000000ec000000| Untracked 
| 193|0x00000000ec100000, 0x00000000ec100000, 0x00000000ec200000|  0%| F|  |TAMS 0x00000000ec100000, 0x00000000ec100000| Untracked 
| 194|0x00000000ec200000, 0x00000000ec200000, 0x00000000ec300000|  0%| F|  |TAMS 0x00000000ec200000, 0x00000000ec200000| Untracked 
| 195|0x00000000ec300000, 0x00000000ec300000, 0x00000000ec400000|  0%| F|  |TAMS 0x00000000ec300000, 0x00000000ec300000| Untracked 
| 196|0x00000000ec400000, 0x00000000ec400000, 0x00000000ec500000|  0%| F|  |TAMS 0x00000000ec400000, 0x00000000ec400000| Untracked 
| 197|0x00000000ec500000, 0x00000000ec500000, 0x00000000ec600000|  0%| F|  |TAMS 0x00000000ec500000, 0x00000000ec500000| Untracked 
| 198|0x00000000ec600000, 0x00000000ec600000, 0x00000000ec700000|  0%| F|  |TAMS 0x00000000ec600000, 0x00000000ec600000| Untracked 
| 199|0x00000000ec700000, 0x00000000ec700000, 0x00000000ec800000|  0%| F|  |TAMS 0x00000000ec700000, 0x00000000ec700000| Untracked 
| 200|0x00000000ec800000, 0x00000000ec800000, 0x00000000ec900000|  0%| F|  |TAMS 0x00000000ec800000, 0x00000000ec800000| Untracked 
| 201|0x00000000ec900000, 0x00000000ec900000, 0x00000000eca00000|  0%| F|  |TAMS 0x00000000ec900000, 0x00000000ec900000| Untracked 
| 202|0x00000000eca00000, 0x00000000eca00000, 0x00000000ecb00000|  0%| F|  |TAMS 0x00000000eca00000, 0x00000000eca00000| Untracked 
| 203|0x00000000ecb00000, 0x00000000ecb00000, 0x00000000ecc00000|  0%| F|  |TAMS 0x00000000ecb00000, 0x00000000ecb00000| Untracked 
| 204|0x00000000ecc00000, 0x00000000ecc00000, 0x00000000ecd00000|  0%| F|  |TAMS 0x00000000ecc00000, 0x00000000ecc00000| Untracked 
| 205|0x00000000ecd00000, 0x00000000ecd00000, 0x00000000ece00000|  0%| F|  |TAMS 0x00000000ecd00000, 0x00000000ecd00000| Untracked 
| 206|0x00000000ece00000, 0x00000000ece00000, 0x00000000ecf00000|  0%| F|  |TAMS 0x00000000ece00000, 0x00000000ece00000| Untracked 
| 207|0x00000000ecf00000, 0x00000000ecf00000, 0x00000000ed000000|  0%| F|  |TAMS 0x00000000ecf00000, 0x00000000ecf00000| Untracked 
| 208|0x00000000ed000000, 0x00000000ed000000, 0x00000000ed100000|  0%| F|  |TAMS 0x00000000ed000000, 0x00000000ed000000| Untracked 
| 209|0x00000000ed100000, 0x00000000ed100000, 0x00000000ed200000|  0%| F|  |TAMS 0x00000000ed100000, 0x00000000ed100000| Untracked 
| 210|0x00000000ed200000, 0x00000000ed200000, 0x00000000ed300000|  0%| F|  |TAMS 0x00000000ed200000, 0x00000000ed200000| Untracked 
| 211|0x00000000ed300000, 0x00000000ed300000, 0x00000000ed400000|  0%| F|  |TAMS 0x00000000ed300000, 0x00000000ed300000| Untracked 
| 212|0x00000000ed400000, 0x00000000ed400000, 0x00000000ed500000|  0%| F|  |TAMS 0x00000000ed400000, 0x00000000ed400000| Untracked 
| 213|0x00000000ed500000, 0x00000000ed500000, 0x00000000ed600000|  0%| F|  |TAMS 0x00000000ed500000, 0x00000000ed500000| Untracked 
| 214|0x00000000ed600000, 0x00000000ed600000, 0x00000000ed700000|  0%| F|  |TAMS 0x00000000ed600000, 0x00000000ed600000| Untracked 
| 215|0x00000000ed700000, 0x00000000ed700000, 0x00000000ed800000|  0%| F|  |TAMS 0x00000000ed700000, 0x00000000ed700000| Untracked 
| 216|0x00000000ed800000, 0x00000000ed800000, 0x00000000ed900000|  0%| F|  |TAMS 0x00000000ed800000, 0x00000000ed800000| Untracked 
| 217|0x00000000ed900000, 0x00000000ed900000, 0x00000000eda00000|  0%| F|  |TAMS 0x00000000ed900000, 0x00000000ed900000| Untracked 
| 218|0x00000000eda00000, 0x00000000eda00000, 0x00000000edb00000|  0%| F|  |TAMS 0x00000000eda00000, 0x00000000eda00000| Untracked 
| 219|0x00000000edb00000, 0x00000000edb00000, 0x00000000edc00000|  0%| F|  |TAMS 0x00000000edb00000, 0x00000000edb00000| Untracked 
| 220|0x00000000edc00000, 0x00000000edc00000, 0x00000000edd00000|  0%| F|  |TAMS 0x00000000edc00000, 0x00000000edc00000| Untracked 
| 221|0x00000000edd00000, 0x00000000edd00000, 0x00000000ede00000|  0%| F|  |TAMS 0x00000000edd00000, 0x00000000edd00000| Untracked 
| 222|0x00000000ede00000, 0x00000000ede00000, 0x00000000edf00000|  0%| F|  |TAMS 0x00000000ede00000, 0x00000000ede00000| Untracked 
| 223|0x00000000edf00000, 0x00000000edf00000, 0x00000000ee000000|  0%| F|  |TAMS 0x00000000edf00000, 0x00000000edf00000| Untracked 
| 224|0x00000000ee000000, 0x00000000ee000000, 0x00000000ee100000|  0%| F|  |TAMS 0x00000000ee000000, 0x00000000ee000000| Untracked 
| 225|0x00000000ee100000, 0x00000000ee100000, 0x00000000ee200000|  0%| F|  |TAMS 0x00000000ee100000, 0x00000000ee100000| Untracked 
| 226|0x00000000ee200000, 0x00000000ee200000, 0x00000000ee300000|  0%| F|  |TAMS 0x00000000ee200000, 0x00000000ee200000| Untracked 
| 227|0x00000000ee300000, 0x00000000ee300000, 0x00000000ee400000|  0%| F|  |TAMS 0x00000000ee300000, 0x00000000ee300000| Untracked 
| 228|0x00000000ee400000, 0x00000000ee400000, 0x00000000ee500000|  0%| F|  |TAMS 0x00000000ee400000, 0x00000000ee400000| Untracked 
| 229|0x00000000ee500000, 0x00000000ee500000, 0x00000000ee600000|  0%| F|  |TAMS 0x00000000ee500000, 0x00000000ee500000| Untracked 
| 230|0x00000000ee600000, 0x00000000ee600000, 0x00000000ee700000|  0%| F|  |TAMS 0x00000000ee600000, 0x00000000ee600000| Untracked 
| 231|0x00000000ee700000, 0x00000000ee780800, 0x00000000ee800000| 50%| E|  |TAMS 0x00000000ee700000, 0x00000000ee700000| Complete 
| 232|0x00000000ee800000, 0x00000000ee900000, 0x00000000ee900000|100%| E|CS|TAMS 0x00000000ee800000, 0x00000000ee800000| Complete 
| 233|0x00000000ee900000, 0x00000000eea00000, 0x00000000eea00000|100%| E|CS|TAMS 0x00000000ee900000, 0x00000000ee900000| Complete 
| 234|0x00000000eea00000, 0x00000000eeb00000, 0x00000000eeb00000|100%| E|CS|TAMS 0x00000000eea00000, 0x00000000eea00000| Complete 
| 235|0x00000000eeb00000, 0x00000000eec00000, 0x00000000eec00000|100%| E|CS|TAMS 0x00000000eeb00000, 0x00000000eeb00000| Complete 
| 236|0x00000000eec00000, 0x00000000eed00000, 0x00000000eed00000|100%| E|CS|TAMS 0x00000000eec00000, 0x00000000eec00000| Complete 
| 237|0x00000000eed00000, 0x00000000eee00000, 0x00000000eee00000|100%| E|CS|TAMS 0x00000000eed00000, 0x00000000eed00000| Complete 
| 238|0x00000000eee00000, 0x00000000eef00000, 0x00000000eef00000|100%| E|CS|TAMS 0x00000000eee00000, 0x00000000eee00000| Complete 
| 239|0x00000000eef00000, 0x00000000ef000000, 0x00000000ef000000|100%| E|CS|TAMS 0x00000000eef00000, 0x00000000eef00000| Complete 
| 240|0x00000000ef000000, 0x00000000ef100000, 0x00000000ef100000|100%| E|CS|TAMS 0x00000000ef000000, 0x00000000ef000000| Complete 
| 241|0x00000000ef100000, 0x00000000ef200000, 0x00000000ef200000|100%| E|CS|TAMS 0x00000000ef100000, 0x00000000ef100000| Complete 
| 242|0x00000000ef200000, 0x00000000ef300000, 0x00000000ef300000|100%| E|CS|TAMS 0x00000000ef200000, 0x00000000ef200000| Complete 
| 243|0x00000000ef300000, 0x00000000ef400000, 0x00000000ef400000|100%| E|CS|TAMS 0x00000000ef300000, 0x00000000ef300000| Complete 
| 244|0x00000000ef400000, 0x00000000ef500000, 0x00000000ef500000|100%| E|CS|TAMS 0x00000000ef400000, 0x00000000ef400000| Complete 
| 245|0x00000000ef500000, 0x00000000ef600000, 0x00000000ef600000|100%| E|CS|TAMS 0x00000000ef500000, 0x00000000ef500000| Complete 
| 246|0x00000000ef600000, 0x00000000ef700000, 0x00000000ef700000|100%| E|CS|TAMS 0x00000000ef600000, 0x00000000ef600000| Complete 
| 247|0x00000000ef700000, 0x00000000ef800000, 0x00000000ef800000|100%| E|CS|TAMS 0x00000000ef700000, 0x00000000ef700000| Complete 
| 248|0x00000000ef800000, 0x00000000ef900000, 0x00000000ef900000|100%| E|CS|TAMS 0x00000000ef800000, 0x00000000ef800000| Complete 
| 249|0x00000000ef900000, 0x00000000efa00000, 0x00000000efa00000|100%| E|CS|TAMS 0x00000000ef900000, 0x00000000ef900000| Complete 
| 250|0x00000000efa00000, 0x00000000efb00000, 0x00000000efb00000|100%| E|CS|TAMS 0x00000000efa00000, 0x00000000efa00000| Complete 
| 251|0x00000000efb00000, 0x00000000efc00000, 0x00000000efc00000|100%| E|CS|TAMS 0x00000000efb00000, 0x00000000efb00000| Complete 
| 252|0x00000000efc00000, 0x00000000efd00000, 0x00000000efd00000|100%| E|CS|TAMS 0x00000000efc00000, 0x00000000efc00000| Complete 
| 253|0x00000000efd00000, 0x00000000efe00000, 0x00000000efe00000|100%| E|CS|TAMS 0x00000000efd00000, 0x00000000efd00000| Complete 

Card table byte_map: [0x00000215e9720000,0x00000215e9820000] _byte_map_base: 0x00000215e9020000

Marking Bits (Prev, Next): (CMBitMap*) 0x00000215d1e7d3f0, (CMBitMap*) 0x00000215d1e7d3b8
 Prev Bits: [0x00000215ea120000, 0x00000215ea920000)
 Next Bits: [0x00000215e9920000, 0x00000215ea120000)

Polling page: 0x00000215cfde0000

Metaspace:

Usage:
  Non-class:     21.43 MB capacity,    21.12 MB ( 99%) used,   281.05 KB (  1%) free+waste,    43.63 KB ( <1%) overhead. 
      Class:      2.91 MB capacity,     2.76 MB ( 95%) used,   133.77 KB (  4%) free+waste,    19.63 KB ( <1%) overhead. 
       Both:     24.34 MB capacity,    23.87 MB ( 98%) used,   414.81 KB (  2%) free+waste,    63.25 KB ( <1%) overhead. 

Virtual space:
  Non-class space:       22.00 MB reserved,      21.67 MB ( 99%) committed 
      Class space:        1.00 GB reserved,       3.00 MB ( <1%) committed 
             Both:        1.02 GB reserved,      24.67 MB (  2%) committed 

Chunk freelists:
   Non-Class:  6.63 KB
       Class:  0 bytes
        Both:  6.63 KB

CodeHeap 'non-profiled nmethods': size=120000Kb used=2062Kb max_used=2062Kb free=117938Kb
 bounds [0x00000215e1dc0000, 0x00000215e2030000, 0x00000215e92f0000]
CodeHeap 'profiled nmethods': size=120000Kb used=7807Kb max_used=7807Kb free=112192Kb
 bounds [0x00000215da890000, 0x00000215db030000, 0x00000215e1dc0000]
CodeHeap 'non-nmethods': size=5760Kb used=1129Kb max_used=1185Kb free=4630Kb
 bounds [0x00000215da2f0000, 0x00000215da560000, 0x00000215da890000]
 total_blobs=3906 nmethods=3449 adapters=368
 compilation: enabled
              stopped_count=0, restarted_count=0
 full_count=0

Compilation events (10 events):
Event: 3.946 Thread 0x00000215edc18800 nmethod 3359 0x00000215dafe4790 code [0x00000215dafe4940, 0x00000215dafe4b08]
Event: 3.946 Thread 0x00000215edc18800 3360       3       edu.umd.cs.findbugs.visitclass.PreorderVisitor::getNumberArguments (105 bytes)
Event: 3.949 Thread 0x00000215edc18800 nmethod 3360 0x00000215dafe4c10 code [0x00000215dafe4ea0, 0x00000215dafe5d98]
Event: 3.949 Thread 0x00000215edc18800 3361       3       java.util.IdentityHashMap::init (11 bytes)
Event: 3.950 Thread 0x00000215edc18800 nmethod 3361 0x00000215dafe6390 code [0x00000215dafe6540, 0x00000215dafe6738]
Event: 3.950 Thread 0x00000215edc18800 3362       3       edu.umd.cs.findbugs.classfile.DescriptorFactory::createClassDescriptorFromDottedClassName (12 bytes)
Event: 3.950 Thread 0x00000215edc18800 nmethod 3362 0x00000215dafe6810 code [0x00000215dafe6a00, 0x00000215dafe6dc8]
Event: 3.950 Thread 0x00000215edc18800 3363       3       edu.umd.cs.findbugs.classfile.DescriptorFactory::getFieldDescriptor (56 bytes)
Event: 3.951 Thread 0x00000215edc18800 nmethod 3363 0x00000215dafe6f90 code [0x00000215dafe7180, 0x00000215dafe7648]
Event: 3.958 Thread 0x00000215edc18800 3364 %     3       edu.umd.cs.findbugs.visitclass.PreorderVisitor::visitLineNumberTable @ 19 (45 bytes)

GC Heap History (8 events):
Event: 0.516 GC heap before
{Heap before GC invocations=0 (full 0):
 garbage-first heap   total 260096K, used 26624K [0x00000000e0000000, 0x0000000100000000)
  region size 1024K, 24 young (24576K), 0 survivors (0K)
 Metaspace       used 8280K, capacity 8408K, committed 8576K, reserved 1056768K
  class space    used 800K, capacity 886K, committed 896K, reserved 1048576K
}
Event: 0.520 GC heap after
{Heap after GC invocations=1 (full 0):
 garbage-first heap   total 260096K, used 12180K [0x00000000e0000000, 0x0000000100000000)
  region size 1024K, 3 young (3072K), 3 survivors (3072K)
 Metaspace       used 8280K, capacity 8408K, committed 8576K, reserved 1056768K
  class space    used 800K, capacity 886K, committed 896K, reserved 1048576K
}
Event: 2.327 GC heap before
{Heap before GC invocations=1 (full 0):
 garbage-first heap   total 260096K, used 130964K [0x00000000e0000000, 0x0000000100000000)
  region size 1024K, 119 young (121856K), 3 survivors (3072K)
 Metaspace       used 18981K, capacity 19343K, committed 19584K, reserved 1067008K
  class space    used 2264K, capacity 2393K, committed 2432K, reserved 1048576K
}
Event: 2.334 GC heap after
{Heap after GC invocations=2 (full 0):
 garbage-first heap   total 260096K, used 15949K [0x00000000e0000000, 0x0000000100000000)
  region size 1024K, 7 young (7168K), 7 survivors (7168K)
 Metaspace       used 18981K, capacity 19343K, committed 19584K, reserved 1067008K
  class space    used 2264K, capacity 2393K, committed 2432K, reserved 1048576K
}
Event: 2.519 GC heap before
{Heap before GC invocations=2 (full 0):
 garbage-first heap   total 260096K, used 26189K [0x00000000e0000000, 0x0000000100000000)
  region size 1024K, 16 young (16384K), 7 survivors (7168K)
 Metaspace       used 20767K, capacity 21174K, committed 21296K, reserved 1069056K
  class space    used 2503K, capacity 2647K, committed 2688K, reserved 1048576K
}
Event: 2.523 GC heap after
{Heap after GC invocations=3 (full 0):
 garbage-first heap   total 260096K, used 20372K [0x00000000e0000000, 0x0000000100000000)
  region size 1024K, 9 young (9216K), 9 survivors (9216K)
 Metaspace       used 20767K, capacity 21174K, committed 21296K, reserved 1069056K
  class space    used 2503K, capacity 2647K, committed 2688K, reserved 1048576K
}
Event: 3.701 GC heap before
{Heap before GC invocations=4 (full 0):
 garbage-first heap   total 260096K, used 113556K [0x00000000e0000000, 0x0000000100000000)
  region size 1024K, 100 young (102400K), 9 survivors (9216K)
 Metaspace       used 24298K, capacity 24732K, committed 25008K, reserved 1071104K
  class space    used 2822K, capacity 2977K, committed 3072K, reserved 1048576K
}
Event: 3.725 GC heap after
{Heap after GC invocations=5 (full 0):
 garbage-first heap   total 260096K, used 29394K [0x00000000e0000000, 0x0000000100000000)
  region size 1024K, 13 young (13312K), 13 survivors (13312K)
 Metaspace       used 24298K, capacity 24732K, committed 25008K, reserved 1071104K
  class space    used 2822K, capacity 2977K, committed 3072K, reserved 1048576K
}

Deoptimization events (10 events):
Event: 3.424 Thread 0x00000215ef1ba800 Uncommon trap: reason=profile_predicate action=maybe_recompile pc=0x00000215e1f869fc method=org.objectweb.asm.ClassReader.readMethod(Lorg/objectweb/asm/ClassVisitor;Lorg/objectweb/asm/Context;I)I @ 714 c2
Event: 3.430 Thread 0x00000215ef1ba800 Uncommon trap: reason=class_check action=maybe_recompile pc=0x00000215e1e317b4 method=java.lang.String.equals(Ljava/lang/Object;)Z @ 8 c2
Event: 3.458 Thread 0x00000215ef1ba800 Uncommon trap: reason=class_check action=maybe_recompile pc=0x00000215e1e317b4 method=java.lang.String.equals(Ljava/lang/Object;)Z @ 8 c2
Event: 3.459 Thread 0x00000215ef1ba800 Uncommon trap: reason=class_check action=maybe_recompile pc=0x00000215e1e317b4 method=java.lang.String.equals(Ljava/lang/Object;)Z @ 8 c2
Event: 3.487 Thread 0x00000215ef1ba800 Uncommon trap: reason=profile_predicate action=maybe_recompile pc=0x00000215e1f869fc method=org.objectweb.asm.ClassReader.readMethod(Lorg/objectweb/asm/ClassVisitor;Lorg/objectweb/asm/Context;I)I @ 714 c2
Event: 3.489 Thread 0x00000215ef1ba800 Uncommon trap: reason=profile_predicate action=maybe_recompile pc=0x00000215e1f869fc method=org.objectweb.asm.ClassReader.readMethod(Lorg/objectweb/asm/ClassVisitor;Lorg/objectweb/asm/Context;I)I @ 714 c2
Event: 3.569 Thread 0x00000215ef1ba800 Uncommon trap: reason=profile_predicate action=maybe_recompile pc=0x00000215e1f869fc method=org.objectweb.asm.ClassReader.readMethod(Lorg/objectweb/asm/ClassVisitor;Lorg/objectweb/asm/Context;I)I @ 714 c2
Event: 3.660 Thread 0x00000215ef1ba800 Uncommon trap: reason=class_check action=maybe_recompile pc=0x00000215e1f96910 method=java.util.HashMap.removeNode(ILjava/lang/Object;Ljava/lang/Object;ZZ)Ljava/util/HashMap$Node; @ 68 c2
Event: 3.821 Thread 0x00000215ef1ba800 Uncommon trap: reason=unstable_if action=reinterpret pc=0x00000215e1fa3ed0 method=edu.umd.cs.findbugs.OpcodeStack.mergeJumps(Ledu/umd/cs/findbugs/visitclass/DismantleBytecode;)V @ 461 c2
Event: 3.864 Thread 0x00000215ef1ba800 Uncommon trap: reason=intrinsic_or_type_checked_inlining action=make_not_entrant pc=0x00000215e1fa96fc method=java.util.ArrayList.toArray([Ljava/lang/Object;)[Ljava/lang/Object; @ 36 c2

Classes redefined (0 events):
No events

Internal exceptions (10 events):
Event: 2.863 Thread 0x00000215ef1ba800 Exception <a 'java/lang/NoSuchMethodError'{0x00000000ed88bc88}: java.lang.invoke.DirectMethodHandle$Holder.invokeSpecialIFC(Ljava/lang/Object;Ljava/lang/Object;I)I> (0x00000000ed88bc88) thrown at [./open/src/hotspot/share/interpreter/linkResolver.cpp, lin
Event: 3.019 Thread 0x00000215ef1ba800 Exception <a 'java/lang/NoSuchMethodError'{0x00000000ec409bb0}: java.lang.invoke.DirectMethodHandle$Holder.invokeStaticInit(Ljava/lang/Object;Ljava/lang/Object;Ljava/lang/Object;Ljava/lang/Object;)I> (0x00000000ec409bb0) thrown at [./open/src/hotspot/shar
Event: 3.019 Thread 0x00000215ef1ba800 Exception <a 'java/lang/IncompatibleClassChangeError'{0x00000000ec412a80}: Found class java.lang.Object, but interface was expected> (0x00000000ec412a80) thrown at [./open/src/hotspot/share/interpreter/linkResolver.cpp, line 838]
Event: 3.020 Thread 0x00000215ef1ba800 Exception <a 'java/lang/NoSuchMethodError'{0x00000000ec4157d0}: java.lang.invoke.DirectMethodHandle$Holder.invokeStaticInit(Ljava/lang/Object;Ljava/lang/Object;)V> (0x00000000ec4157d0) thrown at [./open/src/hotspot/share/interpreter/linkResolver.cpp, line
Event: 3.021 Thread 0x00000215ef1ba800 Exception <a 'java/lang/NoSuchMethodError'{0x00000000ec41ae30}: java.lang.invoke.DirectMethodHandle$Holder.invokeStaticInit(Ljava/lang/Object;Ljava/lang/Object;)I> (0x00000000ec41ae30) thrown at [./open/src/hotspot/share/interpreter/linkResolver.cpp, line
Event: 3.038 Thread 0x00000215ef1ba800 Exception <a 'java/lang/ClassNotFoundException'{0x00000000ec4565e8}: javax/smartcardio/CardPermission> (0x00000000ec4565e8) thrown at [./open/src/hotspot/share/classfile/systemDictionary.cpp, line 228]
Event: 3.041 Thread 0x00000215ef1ba800 Exception <a 'java/io/FileNotFoundException'{0x00000000ec464690}> (0x00000000ec464690) thrown at [./open/src/hotspot/share/prims/jni.cpp, line 611]
Event: 3.191 Thread 0x00000215ef1ba800 Exception <a 'java/lang/NoSuchMethodError'{0x00000000ead7b368}: java.lang.invoke.DirectMethodHandle$Holder.invokeSpecial(Ljava/lang/Object;Ljava/lang/Object;ILjava/lang/Object;Ljava/lang/Object;Ljava/lang/Object;)Ljava/lang/Object;> (0x00000000ead7b368) t
Event: 3.193 Thread 0x00000215ef1ba800 Exception <a 'java/lang/NoSuchMethodError'{0x00000000ead8d2f8}: java.lang.invoke.Invokers$Holder.linkToTargetMethod(Ljava/lang/Object;ILjava/lang/Object;Ljava/lang/Object;Ljava/lang/Object;Ljava/lang/Object;)Ljava/lang/Object;> (0x00000000ead8d2f8) thrown
Event: 3.262 Thread 0x00000215ef1ba800 Implicit null exception at 0x00000215e1f4ae4f to 0x00000215e1f4b284

Events (10 events):
Event: 3.729 loading class org/apache/bcel/classfile/BootstrapMethod
Event: 3.729 loading class org/apache/bcel/classfile/BootstrapMethod done
Event: 3.820 Thread 0x00000215ef1ba800 Uncommon trap: trap_request=0xffffff4d fr.pc=0x00000215e1fa3ed0 relative=0x0000000000001dd0
Event: 3.821 Thread 0x00000215ef1ba800 DEOPT PACKING pc=0x00000215e1fa3ed0 sp=0x0000004c4d2fc5d0
Event: 3.821 Thread 0x00000215ef1ba800 DEOPT UNPACKING pc=0x00000215da31782f sp=0x0000004c4d2fc5a8 mode 2
Event: 3.863 Thread 0x00000215ef1ba800 Uncommon trap: trap_request=0xffffffcc fr.pc=0x00000215e1fa96fc relative=0x000000000000105c
Event: 3.864 Executing VM operation: RevokeBias
Event: 3.864 Executing VM operation: RevokeBias done
Event: 3.864 Thread 0x00000215ef1ba800 DEOPT PACKING pc=0x00000215e1fa96fc sp=0x0000004c4d2faf80
Event: 3.864 Thread 0x00000215ef1ba800 DEOPT UNPACKING pc=0x00000215da31782f sp=0x0000004c4d2faed8 mode 2


Dynamic libraries:
0x00007ff6576b0000 - 0x00007ff6576bf000 	E:\Kodilla\JDK11\bin\java.exe
0x00007ffbb5690000 - 0x00007ffbb5885000 	C:\WINDOWS\SYSTEM32\ntdll.dll
0x00007ffbb3ff0000 - 0x00007ffbb40ad000 	C:\WINDOWS\System32\KERNEL32.DLL
0x00007ffbb2dd0000 - 0x00007ffbb3098000 	C:\WINDOWS\System32\KERNELBASE.dll
0x00007ffbb31b0000 - 0x00007ffbb32b0000 	C:\WINDOWS\System32\ucrtbase.dll
0x00007ffb9eff0000 - 0x00007ffb9f008000 	E:\Kodilla\JDK11\bin\jli.dll
0x00007ffba42e0000 - 0x00007ffba42f5000 	E:\Kodilla\JDK11\bin\VCRUNTIME140.dll
0x00007ffbb3850000 - 0x00007ffbb38fc000 	C:\WINDOWS\System32\ADVAPI32.dll
0x00007ffbb3ce0000 - 0x00007ffbb3d7e000 	C:\WINDOWS\System32\msvcrt.dll
0x00007ffbb39e0000 - 0x00007ffbb3a7b000 	C:\WINDOWS\System32\sechost.dll
0x00007ffbb3ec0000 - 0x00007ffbb3feb000 	C:\WINDOWS\System32\RPCRT4.dll
0x00007ffbb4550000 - 0x00007ffbb46f0000 	C:\WINDOWS\System32\USER32.dll
0x00007ffbb30f0000 - 0x00007ffbb3112000 	C:\WINDOWS\System32\win32u.dll
0x00007ffbb3b10000 - 0x00007ffbb3b3a000 	C:\WINDOWS\System32\GDI32.dll
0x00007ffba2d30000 - 0x00007ffba2fca000 	C:\WINDOWS\WinSxS\amd64_microsoft.windows.common-controls_6595b64144ccf1df_6.0.19041.1052_none_60b8f8fd71f5e8cb\COMCTL32.dll
0x00007ffbb32b0000 - 0x00007ffbb33bb000 	C:\WINDOWS\System32\gdi32full.dll
0x00007ffbb3500000 - 0x00007ffbb359d000 	C:\WINDOWS\System32\msvcp_win.dll
0x00007ffbad5c0000 - 0x00007ffbad5ca000 	C:\WINDOWS\SYSTEM32\VERSION.dll
0x00007ffbb3cb0000 - 0x00007ffbb3ce0000 	C:\WINDOWS\System32\IMM32.DLL
0x00007ffb9ef50000 - 0x00007ffb9efeb000 	E:\Kodilla\JDK11\bin\msvcp140.dll
0x00007ffb67df0000 - 0x00007ffb688eb000 	E:\Kodilla\JDK11\bin\server\jvm.dll
0x00007ffbb3840000 - 0x00007ffbb3848000 	C:\WINDOWS\System32\PSAPI.DLL
0x00007ffba1600000 - 0x00007ffba1627000 	C:\WINDOWS\SYSTEM32\WINMM.dll
0x00007ffba84f0000 - 0x00007ffba84f9000 	C:\WINDOWS\SYSTEM32\WSOCK32.dll
0x00007ffbb5510000 - 0x00007ffbb557b000 	C:\WINDOWS\System32\WS2_32.dll
0x00007ffbb0c40000 - 0x00007ffbb0c52000 	C:\WINDOWS\SYSTEM32\kernel.appcore.dll
0x00007ffbae5f0000 - 0x00007ffbae600000 	E:\Kodilla\JDK11\bin\verify.dll
0x00007ffbac330000 - 0x00007ffbac514000 	C:\WINDOWS\SYSTEM32\DBGHELP.DLL
0x00007ffbac300000 - 0x00007ffbac32c000 	C:\WINDOWS\SYSTEM32\dbgcore.DLL
0x00007ffbb3120000 - 0x00007ffbb31a3000 	C:\WINDOWS\System32\bcryptPrimitives.dll
0x00007ffb9ef20000 - 0x00007ffb9ef48000 	E:\Kodilla\JDK11\bin\java.dll
0x00007ffbab000000 - 0x00007ffbab00a000 	E:\Kodilla\JDK11\bin\jimage.dll
0x00007ffb9ef00000 - 0x00007ffb9ef16000 	E:\Kodilla\JDK11\bin\zip.dll
0x00007ffbb4b70000 - 0x00007ffbb52af000 	C:\WINDOWS\System32\SHELL32.dll
0x00007ffbb0f20000 - 0x00007ffbb16b0000 	C:\WINDOWS\SYSTEM32\windows.storage.dll
0x00007ffbb41f0000 - 0x00007ffbb4545000 	C:\WINDOWS\System32\combase.dll
0x00007ffbb2840000 - 0x00007ffbb286c000 	C:\WINDOWS\SYSTEM32\Wldp.dll
0x00007ffbb52b0000 - 0x00007ffbb535e000 	C:\WINDOWS\System32\SHCORE.dll
0x00007ffbb3b40000 - 0x00007ffbb3b95000 	C:\WINDOWS\System32\shlwapi.dll
0x00007ffbb2d10000 - 0x00007ffbb2d2f000 	C:\WINDOWS\SYSTEM32\profapi.dll
0x00007ffb9eee0000 - 0x00007ffb9eef9000 	E:\Kodilla\JDK11\bin\net.dll
0x00007ffbaa440000 - 0x00007ffbaa54b000 	C:\WINDOWS\SYSTEM32\WINHTTP.dll
0x00007ffbb2540000 - 0x00007ffbb25aa000 	C:\WINDOWS\system32\mswsock.dll
0x00007ffb9eec0000 - 0x00007ffb9eed2000 	E:\Kodilla\JDK11\bin\nio.dll
0x00007ffb94de0000 - 0x00007ffb94e0a000 	C:\Users\User\.gradle\native\36\windows-amd64\native-platform.dll
0x00007ffbb2780000 - 0x00007ffbb2798000 	C:\WINDOWS\SYSTEM32\CRYPTSP.dll
0x00007ffbb1ee0000 - 0x00007ffbb1f14000 	C:\WINDOWS\system32\rsaenh.dll
0x00007ffbb3420000 - 0x00007ffbb3447000 	C:\WINDOWS\System32\bcrypt.dll
0x00007ffbb2c90000 - 0x00007ffbb2cbe000 	C:\WINDOWS\SYSTEM32\USERENV.dll
0x00007ffbb27a0000 - 0x00007ffbb27ac000 	C:\WINDOWS\SYSTEM32\CRYPTBASE.dll
0x00007ffbb2230000 - 0x00007ffbb226b000 	C:\WINDOWS\SYSTEM32\IPHLPAPI.DLL
0x00007ffbb46f0000 - 0x00007ffbb46f8000 	C:\WINDOWS\System32\NSI.dll
0x00007ffbabc70000 - 0x00007ffbabc87000 	C:\WINDOWS\SYSTEM32\dhcpcsvc6.DLL
0x00007ffbac8a0000 - 0x00007ffbac8bd000 	C:\WINDOWS\SYSTEM32\dhcpcsvc.DLL
0x00007ffbb2270000 - 0x00007ffbb233c000 	C:\WINDOWS\SYSTEM32\DNSAPI.dll
0x00007ffbaafa0000 - 0x00007ffbaafa9000 	E:\Kodilla\JDK11\bin\management.dll
0x00007ffbaadd0000 - 0x00007ffbaaddb000 	E:\Kodilla\JDK11\bin\management_ext.dll

dbghelp: loaded successfully - version: 4.0.5 - missing functions: none
symbol engine: initialized successfully - sym options: 0x614 - pdb path: .;E:\Kodilla\JDK11\bin;C:\WINDOWS\SYSTEM32;C:\WINDOWS\WinSxS\amd64_microsoft.windows.common-controls_6595b64144ccf1df_6.0.19041.1052_none_60b8f8fd71f5e8cb;E:\Kodilla\JDK11\bin\server;C:\Users\User\.gradle\native\36\windows-amd64

VM Arguments:
jvm_args: -Xmx512m -Dfile.encoding=windows-1250 -Duser.country=PL -Duser.language=pl -Duser.variant 
java_command: worker.org.gradle.process.internal.worker.GradleWorkerMain 'Gradle SpotBugs Worker 4'
java_class_path (initial): C:\\Users\\User\\.gradle\\caches\\6.2\\workerMain\\gradle-worker.jar;C:\\Users\\User\\.gradle\\caches\\modules-2\\files-2.1\\org.slf4j\\slf4j-simple\\1.8.0-beta4\\1531950ac50afd70a4d02f10b6aaf6d6a6a7669e\\slf4j-simple-1.8.0-beta4.jar;C:\\Users\\User\\.gradle\\caches\\modules-2\\files-2.1\\com.github.spotbugs\\spotbugs\\4.2.3\\f353f9419d0b3c3fa745fdff5389b03fbee1d0be\\spotbugs-4.2.3.jar;C:\\Users\\User\\.gradle\\caches\\modules-2\\files-2.1\\org.slf4j\\slf4j-api\\1.8.0-beta4\\83b0359d847ee053d745be7ec0d8e9e8a44304b4\\slf4j-api-1.8.0-beta4.jar;C:\\Users\\User\\.gradle\\caches\\modules-2\\files-2.1\\com.github.spotbugs\\spotbugs-annotations\\4.2.3\\5e2b16c54d6644da056e1aa190d0c3f953ae7d46\\spotbugs-annotations-4.2.3.jar;C:\\Users\\User\\.gradle\\caches\\modules-2\\files-2.1\\jaxen\\jaxen\\1.2.0\\c10535a925bd35129a4329bc75065cc6b5293f2c\\jaxen-1.2.0.jar;C:\\Users\\User\\.gradle\\caches\\modules-2\\files-2.1\\net.sf.saxon\\Saxon-HE\\10.3\\43728f10ed9fc26ff5c71f27be9e8d7f60c10d4c\\Saxon-HE-10.3.jar;C:\\Users\\User\\.gradle\\caches\\modules-2\\files-2.1\\org.ow2.asm\\asm-commons\\9.1\\8b971b182eb5cf100b9e8d4119152d83e00e0fdd\\asm-commons-9.1.jar;C:\\Users\\User\\.gradle\\caches\\modules-2\\files-2.1\\org.ow2.asm\\asm-util\\9.1\\36464a45d871779f3383a8a9aba2b26562a86729\\asm-util-9.1.jar;C:\\Users\\User\\.gradle\\caches\\modules-2\\files-2.1\\org.ow2.asm\\asm-analysis\\9.1\\4f61b83b81d8b659958f4bcc48907e93ecea55a0\\asm-analysis-9.1.jar;C:\\Users\\User\\.gradle\\caches\\modules-2\\files-2.1\\org.ow2.asm\\asm-tree\\9.1\\c333f2a855069cb8eb17a40a3eb8b1b67755d0eb\\asm-tree-9.1.jar;C:\\Users\\User\\.gradle\\caches\\modules-2\\files-2.1\\org.ow2.asm\\asm\\9.1\\a99500cf6eea30535eeac6be73899d048f8d12a8\\asm-9.1.jar;C:\\Users\\User\\.gradle\\caches\\modules-2\\files-2.1\\org.apache.bcel\\bcel\\6.5.0\\79b1975ec0c7a6c1a15e19fb3a58cc4041b4aaea\\bcel-6.5.0.jar;C:\\Users\\User\\.gradle\\caches\\modules-2\\files-2.1\\net.jcip\\jcip-annotations\\1.0\\afba4942caae
Launcher Type: SUN_STANDARD

[Global flags]
     intx CICompilerCount                          = 4                                         {product} {ergonomic}
     uint ConcGCThreads                            = 2                                         {product} {ergonomic}
     uint G1ConcRefinementThreads                  = 8                                         {product} {ergonomic}
   size_t G1HeapRegionSize                         = 1048576                                   {product} {ergonomic}
    uintx GCDrainStackTargetSize                   = 64                                        {product} {ergonomic}
   size_t InitialHeapSize                          = 266338304                                 {product} {ergonomic}
   size_t MarkStackSize                            = 4194304                                   {product} {ergonomic}
   size_t MaxHeapSize                              = 536870912                                 {product} {command line}
   size_t MaxNewSize                               = 321912832                                 {product} {ergonomic}
   size_t MinHeapDeltaBytes                        = 1048576                                   {product} {ergonomic}
    uintx NonNMethodCodeHeapSize                   = 5836300                                {pd product} {ergonomic}
    uintx NonProfiledCodeHeapSize                  = 122910970                              {pd product} {ergonomic}
    uintx ProfiledCodeHeapSize                     = 122910970                              {pd product} {ergonomic}
    uintx ReservedCodeCacheSize                    = 251658240                              {pd product} {ergonomic}
     bool SegmentedCodeCache                       = true                                      {product} {ergonomic}
     bool UseCompressedClassPointers               = true                                 {lp64_product} {ergonomic}
     bool UseCompressedOops                        = true                                 {lp64_product} {ergonomic}
     bool UseG1GC                                  = true                                      {product} {ergonomic}
     bool UseLargePagesIndividualAllocation        = false                                  {pd product} {ergonomic}

Logging:
Log output configuration:
 #0: stdout all=warning uptime,level,tags
 #1: stderr all=off uptime,level,tags

Environment Variables:
JAVA_HOME=E:\Kodilla\JDK11
PATH=E:\Kodilla\JDK11\bin;C:\Program Files\Common Files\Oracle\Java\javapath;C:\Program Files (x86)\Common Files\Microsoft Shared\Windows Live;C:\Program Files (x86)\Common Files\Oracle\Java\javapath;C:\ProgramData\Oracle\Java\javapath;C:\Program Files (x86)\Intel\iCLS Client\;C:\Program Files\Intel\iCLS Client\;C:\Windows\system32;C:\Windows;C:\Windows\System32\Wbem;C:\Windows\System32\WindowsPowerShell\v1.0\;C:\Program Files (x86)\Intel\OpenCL SDK\2.0\bin\x86;C:\Program Files (x86)\Intel\OpenCL SDK\2.0\bin\x64;C:\Program Files\Intel\Intel(R) Management Engine Components\DAL;C:\Program Files\Intel\Intel(R) Management Engine Components\IPT;C:\Program Files (x86)\Intel\Intel(R) Management Engine Components\DAL;C:\Program Files (x86)\Intel\Intel(R) Management Engine Components\IPT;C:\Program Files (x86)\NVIDIA Corporation\PhysX\Common;C:\Program Files\NVIDIA Corporation\NVIDIA NvDLISR;C:\WINDOWS\system32;C:\WINDOWS;C:\WINDOWS\System32\Wbem;C:\WINDOWS\System32\WindowsPowerShell\v1.0\;C:\WINDOWS\System32\OpenSSH\;E:\ZAJECIA\;C:\Users\User\Desktop\allure-2.13.6\bin;C:\Gradle\gradle-6.8.3\bin;C:\Program Files\Git\cmd;E:\TSG\Programy\TortoiseSVN\bin;C:\Users\User\AppData\Local\Android\Sdk\tools;C:\Users\User\AppData\Local\Android\Sdk\platform-tools;C:\Program Files\MySQL\MySQL Shell 8.0\bin\;E:\Programy\Programowanie\Python\Scripts\;E:\Programy\Programowanie\Python\;C:\Program Files\Common Files\Microsoft Shared\Windows Live;E:\Programy\Programowanie\PyCharm Community Edition 2019.1\bin;;C:\Users\User\AppData\Local\Microsoft\WindowsApps;C:\Users\User\AppData\Roaming\npm;
USERNAME=User
OS=Windows_NT
PROCESSOR_IDENTIFIER=Intel64 Family 6 Model 58 Stepping 9, GenuineIntel



---------------  S Y S T E M  ---------------

OS: Windows 10 , 64 bit Build 19041 (10.0.19041.1023)

CPU:total 8 (initial active 8) (4 cores per cpu, 2 threads per core) family 6 model 58 stepping 9 microcode 0x21, cmov, cx8, fxsr, mmx, sse, sse2, sse3, ssse3, sse4.1, sse4.2, popcnt, avx, aes, clmul, erms, ht, tsc, tscinvbit, tscinv

Memory: 4k page, system-wide physical 16222M (7058M free)
TotalPageFile size 32606M (AvailPageFile size 19759M)
current process WorkingSet (physical memory assigned to process): 270M, peak: 280M
current process commit charge ("private bytes"): 424M, peak: 436M

vm_info: Java HotSpot(TM) 64-Bit Server VM (11.0.10+8-LTS-162) for windows-amd64 JRE (11.0.10+8-LTS-162), built on Dec  8 2020 16:32:57 by "mach5one" with MS VC++ 15.9 (VS2017)

END.
